[debug] > Exec(;set _root_.scala.collection.Seq(historyPath := None,shellPrompt := { _ => "" },SettingKey[_root_.scala.Option[_root_.sbt.File]]("sbtStructureOutputFile") in _root_.sbt.Global := _root_.scala.Some(_root_.sbt.file("/tmp/sbt-structure.xml")),SettingKey[_root_.java.lang.String]("sbtStructureOptions") in _root_.sbt.Global := "download, resolveClassifiers");apply -cp "/home/crsl/.local/share/JetBrains/IdeaIC2020.2/Scala/repo/org.jetbrains/sbt-structure-extractor/scala_2.12/sbt_1.0/2018.2.1+4-88400d3f/jars/sbt-structure-extractor.jar" org.jetbrains.sbt.CreateTasks;*/*:dumpStructure, Some(5a25c4cd-5a8c-44d0-b2aa-315a8a86869f), Some(CommandSource(console0)))
[debug] > Exec(set _root_.scala.collection.Seq(historyPath := None,shellPrompt := { _ => "" },SettingKey[_root_.scala.Option[_root_.sbt.File]]("sbtStructureOutputFile") in _root_.sbt.Global := _root_.scala.Some(_root_.sbt.file("/tmp/sbt-structure.xml")),SettingKey[_root_.java.lang.String]("sbtStructureOptions") in _root_.sbt.Global := "download, resolveClassifiers"), None, Some(CommandSource(console0)))
[info] Defining Global / sbtStructureOptions, Global / sbtStructureOutputFile and 1 others.
[info] The new values will be used by cleanKeepGlobs
[info] 	Run `last` for details.
[debug] Defining 
[debug] 	Global / sbtStructureOptions
[debug] 	Global / sbtStructureOutputFile
[debug] 	history
[debug] 	shellPrompt
[debug] 
[debug] The new values will be used by 
[debug] 	cleanKeepGlobs
[info] Reapplying settings...
[info] set current project to Spark (in build file:/home/crsl/Desktop/CloudComputing/Spark/)
[debug] > Exec(apply -cp "/home/crsl/.local/share/JetBrains/IdeaIC2020.2/Scala/repo/org.jetbrains/sbt-structure-extractor/scala_2.12/sbt_1.0/2018.2.1+4-88400d3f/jars/sbt-structure-extractor.jar" org.jetbrains.sbt.CreateTasks, None, Some(CommandSource(console0)))
[info] Applying State transformations org.jetbrains.sbt.CreateTasks from /home/crsl/.local/share/JetBrains/IdeaIC2020.2/Scala/repo/org.jetbrains/sbt-structure-extractor/scala_2.12/sbt_1.0/2018.2.1+4-88400d3f/jars/sbt-structure-extractor.jar
[info] Reapplying settings...
[info] set current project to Spark (in build file:/home/crsl/Desktop/CloudComputing/Spark/)
[debug] > Exec(*/*:dumpStructure, None, Some(CommandSource(console0)))
[debug] Evaluating tasks: Global / dumpStructure
[debug] Running task... Cancel: Signal, check cycles: false, forcegc: true
[warn] There may be incompatibilities among your library dependencies; run 'evicted' to see detailed eviction warnings.
[info] shutting down sbt server
